<?xml version="1.0" encoding="UTF-8"?>
<!-- Generated by org.testng.reporters.JUnitReportReporter -->
<testsuite hostname="pc" failures="0" tests="1" name="com.demoaut.newtours.MavenDemo.BaseTest" time="0.002" errors="1" timestamp="20 Nov 2018 02:50:31 GMT" skipped="0">
  <testcase classname="com.demoaut.newtours.MavenDemo.BaseTest" name="tearDown" time="0.002">
    <error message="com/sun/mail/util/MailLogger" type="java.lang.NoClassDefFoundError">
      <![CDATA[java.lang.NoClassDefFoundError: com/sun/mail/util/MailLogger
at javax.mail.Session.initLogger(Session.java:230)
at javax.mail.Session.<init>(Session.java:214)
at javax.mail.Session.getDefaultInstance(Session.java:325)
at javax.mail.Session.getDefaultInstance(Session.java:365)
at com.demoaut.newtours.MavenDemo.BaseTest.sendPDFReportByGMail(BaseTest.java:79)
at com.demoaut.newtours.MavenDemo.BaseTest.tearDown(BaseTest.java:53)
at java.base/jdk.internal.reflect.NativeMethodAccessorImpl.invoke0(Native Method)
at java.base/jdk.internal.reflect.NativeMethodAccessorImpl.invoke(NativeMethodAccessorImpl.java:62)
at java.base/jdk.internal.reflect.DelegatingMethodAccessorImpl.invoke(DelegatingMethodAccessorImpl.java:43)
at java.base/java.lang.reflect.Method.invoke(Method.java:564)
at org.testng.internal.MethodInvocationHelper.invokeMethod(MethodInvocationHelper.java:124)
at org.testng.internal.MethodInvocationHelper.invokeMethodConsideringTimeout(MethodInvocationHelper.java:59)
at org.testng.internal.Invoker.invokeConfigurationMethod(Invoker.java:458)
at org.testng.internal.Invoker.invokeConfigurations(Invoker.java:222)
at org.testng.internal.Invoker.invokeConfigurations(Invoker.java:142)
at org.testng.SuiteRunner.privateRun(SuiteRunner.java:425)
at org.testng.SuiteRunner.run(SuiteRunner.java:364)
at org.testng.SuiteRunnerWorker.runSuite(SuiteRunnerWorker.java:52)
at org.testng.SuiteRunnerWorker.run(SuiteRunnerWorker.java:84)
at org.testng.TestNG.runSuitesSequentially(TestNG.java:1208)
at org.testng.TestNG.runSuitesLocally(TestNG.java:1137)
at org.testng.TestNG.runSuites(TestNG.java:1049)
at org.testng.TestNG.run(TestNG.java:1017)
at org.apache.maven.surefire.testng.TestNGExecutor.run(TestNGExecutor.java:282)
at org.apache.maven.surefire.testng.TestNGXmlTestSuite.execute(TestNGXmlTestSuite.java:83)
at org.apache.maven.surefire.testng.TestNGProvider.invoke(TestNGProvider.java:114)
at org.apache.maven.surefire.booter.ForkedBooter.invokeProviderInSameClassLoader(ForkedBooter.java:286)
at org.apache.maven.surefire.booter.ForkedBooter.runSuitesInProcess(ForkedBooter.java:240)
at org.apache.maven.surefire.booter.ForkedBooter.main(ForkedBooter.java:121)
Caused by: java.lang.ClassNotFoundException: com.sun.mail.util.MailLogger
at java.base/jdk.internal.loader.BuiltinClassLoader.loadClass(BuiltinClassLoader.java:582)
at java.base/jdk.internal.loader.ClassLoaders$AppClassLoader.loadClass(ClassLoaders.java:190)
at java.base/java.lang.ClassLoader.loadClass(ClassLoader.java:499)
... 29 more
]]>
    </error>
  </testcase> <!-- tearDown -->
</testsuite> <!-- com.demoaut.newtours.MavenDemo.BaseTest -->
