<?xml version="1.0" encoding="UTF-8"?>
<!-- Generated by org.testng.reporters.JUnitReportReporter -->
<testsuite hostname="pc" failures="0" tests="1" name="com.demoaut.newtours.MavenDemo.BookTicketTest" time="60.741" errors="0" timestamp="20 Nov 2018 02:55:02 GMT" skipped="0">
  <testcase classname="com.demoaut.newtours.MavenDemo.BookTicketTest" name="ticketBookingTest" time="60.741"/>
</testsuite> <!-- com.demoaut.newtours.MavenDemo.BookTicketTest -->
