<?xml version="1.0" encoding="UTF-8"?>
<!-- Generated by org.testng.reporters.JUnitReportReporter -->
<testsuite hostname="pc" failures="0" tests="1" name="com.demoaut.newtours.TestCases.BookTicketTest" time="8.448" errors="0" timestamp="17 Nov 2018 02:50:05 GMT" skipped="0">
  <testcase classname="com.demoaut.newtours.TestCases.BookTicketTest" name="ticketBookingTest" time="8.448"/>
</testsuite> <!-- com.demoaut.newtours.TestCases.BookTicketTest -->
