<?xml version="1.0" encoding="UTF-8"?>
<!-- Generated by org.testng.reporters.JUnitReportReporter -->
<testsuite hostname="pc" failures="0" tests="1" name="com.demoaut.newtours.TestCases.ValidateUSerTest" time="5.653" errors="0" timestamp="17 Nov 2018 02:50:05 GMT" skipped="0">
  <testcase classname="com.demoaut.newtours.TestCases.ValidateUSerTest" name="userValidation" time="5.653"/>
</testsuite> <!-- com.demoaut.newtours.TestCases.ValidateUSerTest -->
